<?xml version="1.0" encoding="UTF-8"?>
<testng-results skipped="0" failed="0" ignored="1" total="3" passed="2">
  <reporter-output>
  </reporter-output>
  <suite name="Espn" duration-ms="50902" started-at="2017-09-27T20:16:15Z" finished-at="2017-09-27T20:17:06Z">
    <groups>
    </groups>
    <test name="Espn features" duration-ms="50902" started-at="2017-09-27T20:16:15Z" finished-at="2017-09-27T20:17:06Z">
      <class name="Test.TestEspnHome">
        <test-method status="PASS" signature="setUp(boolean, java.lang.String, java.lang.String, java.lang.String, java.lang.String, java.lang.String, java.lang.String)[pri:0, instance:Test.TestEspnHome@5a61f5df]" name="setUp" is-config="true" duration-ms="14489" started-at="2017-09-27T16:16:15Z" finished-at="2017-09-27T16:16:30Z">
          <params>
            <param index="0">
              <value>
                <![CDATA[false]]>
              </value>
            </param>
            <param index="1">
              <value>
                <![CDATA[false]]>
              </value>
            </param>
            <param index="2">
              <value>
                <![CDATA[Windows]]>
              </value>
            </param>
            <param index="3">
              <value>
                <![CDATA[10]]>
              </value>
            </param>
            <param index="4">
              <value>
                <![CDATA[firefox]]>
              </value>
            </param>
            <param index="5">
              <value>
                <![CDATA[34]]>
              </value>
            </param>
            <param index="6">
              <value>
                <![CDATA[https://www.espn.com]]>
              </value>
            </param>
          </params>
          <reporter-output>
          </reporter-output>
        </test-method> <!-- setUp -->
        <test-method status="PASS" signature="testBankHome()[pri:0, instance:Test.TestEspnHome@5a61f5df]" name="testBankHome" duration-ms="29362" started-at="2017-09-27T16:16:30Z" finished-at="2017-09-27T16:16:59Z">
          <reporter-output>
          </reporter-output>
        </test-method> <!-- testBankHome -->
      </class> <!-- Test.TestEspnHome -->
      <class name="Test.TestEspnReportABug">
        <test-method status="PASS" signature="testBankHome()[pri:0, instance:Test.TestEspnReportABug@3551a94]" name="testBankHome" duration-ms="7026" started-at="2017-09-27T16:16:59Z" finished-at="2017-09-27T16:17:06Z">
          <reporter-output>
          </reporter-output>
        </test-method> <!-- testBankHome -->
      </class> <!-- Test.TestEspnReportABug -->
    </test> <!-- Espn features -->
  </suite> <!-- Espn -->
</testng-results>
