<?xml version="1.0" encoding="UTF-8"?>
<testng-results skipped="0" failed="0" ignored="2" total="4" passed="2">
  <reporter-output>
  </reporter-output>
  <suite name="Espn" duration-ms="45899" started-at="2017-09-27T21:01:33Z" finished-at="2017-09-27T21:02:19Z">
    <groups>
    </groups>
    <test name="Espn features" duration-ms="45899" started-at="2017-09-27T21:01:33Z" finished-at="2017-09-27T21:02:19Z">
      <class name="Test.TestEspnHome">
        <test-method status="PASS" signature="setUp(boolean, java.lang.String, java.lang.String, java.lang.String, java.lang.String, java.lang.String, java.lang.String)[pri:0, instance:Test.TestEspnHome@36f6e879]" name="setUp" is-config="true" duration-ms="10064" started-at="2017-09-27T17:01:33Z" finished-at="2017-09-27T17:01:43Z">
          <params>
            <param index="0">
              <value>
                <![CDATA[false]]>
              </value>
            </param>
            <param index="1">
              <value>
                <![CDATA[false]]>
              </value>
            </param>
            <param index="2">
              <value>
                <![CDATA[Windows]]>
              </value>
            </param>
            <param index="3">
              <value>
                <![CDATA[10]]>
              </value>
            </param>
            <param index="4">
              <value>
                <![CDATA[firefox]]>
              </value>
            </param>
            <param index="5">
              <value>
                <![CDATA[34]]>
              </value>
            </param>
            <param index="6">
              <value>
                <![CDATA[https://www.espn.com]]>
              </value>
            </param>
          </params>
          <reporter-output>
          </reporter-output>
        </test-method> <!-- setUp -->
        <test-method status="PASS" signature="testBankHome()[pri:0, instance:Test.TestEspnHome@36f6e879]" name="testBankHome" duration-ms="29456" started-at="2017-09-27T17:01:43Z" finished-at="2017-09-27T17:02:12Z">
          <reporter-output>
          </reporter-output>
        </test-method> <!-- testBankHome -->
        <test-method status="PASS" signature="cleanUp()[pri:0, instance:Test.TestEspnHome@36f6e879]" name="cleanUp" is-config="true" duration-ms="1655" started-at="2017-09-27T17:02:17Z" finished-at="2017-09-27T17:02:19Z">
          <reporter-output>
          </reporter-output>
        </test-method> <!-- cleanUp -->
      </class> <!-- Test.TestEspnHome -->
      <class name="Test.TestEspnReportABug">
        <test-method status="PASS" signature="testBankHome()[pri:0, instance:Test.TestEspnReportABug@5a61f5df]" name="testBankHome" duration-ms="4687" started-at="2017-09-27T17:02:12Z" finished-at="2017-09-27T17:02:17Z">
          <reporter-output>
          </reporter-output>
        </test-method> <!-- testBankHome -->
      </class> <!-- Test.TestEspnReportABug -->
    </test> <!-- Espn features -->
  </suite> <!-- Espn -->
</testng-results>
