<?xml version="1.0" encoding="UTF-8"?>
<testng-results skipped="0" failed="0" ignored="2" total="5" passed="3">
  <reporter-output>
  </reporter-output>
  <suite name="Twitter" duration-ms="51349" started-at="2017-09-27T20:14:43Z" finished-at="2017-09-27T20:15:34Z">
    <groups>
    </groups>
    <test name="Twitter Features" duration-ms="51349" started-at="2017-09-27T20:14:43Z" finished-at="2017-09-27T20:15:34Z">
      <class name="TestTwitter.TestTwittReg">
        <test-method status="PASS" signature="testSignup()[pri:0, instance:TestTwitter.TestTwittReg@531be3c5]" name="testSignup" duration-ms="7180" started-at="2017-09-27T16:15:16Z" finished-at="2017-09-27T16:15:23Z">
          <reporter-output>
          </reporter-output>
        </test-method> <!-- testSignup -->
      </class> <!-- TestTwitter.TestTwittReg -->
      <class name="TestTwitter.TestTwittHome">
        <test-method status="PASS" signature="setUp(boolean, java.lang.String, java.lang.String, java.lang.String, java.lang.String, java.lang.String, java.lang.String)[pri:0, instance:TestTwitter.TestTwittHome@3551a94]" name="setUp" is-config="true" duration-ms="7740" started-at="2017-09-27T16:14:43Z" finished-at="2017-09-27T16:14:50Z">
          <params>
            <param index="0">
              <value>
                <![CDATA[false]]>
              </value>
            </param>
            <param index="1">
              <value>
                <![CDATA[false]]>
              </value>
            </param>
            <param index="2">
              <value>
                <![CDATA[Windows]]>
              </value>
            </param>
            <param index="3">
              <value>
                <![CDATA[10]]>
              </value>
            </param>
            <param index="4">
              <value>
                <![CDATA[firefox]]>
              </value>
            </param>
            <param index="5">
              <value>
                <![CDATA[34]]>
              </value>
            </param>
            <param index="6">
              <value>
                <![CDATA[https://twitter.com/]]>
              </value>
            </param>
          </params>
          <reporter-output>
          </reporter-output>
        </test-method> <!-- setUp -->
        <test-method status="PASS" signature="testHome()[pri:0, instance:TestTwitter.TestTwittHome@3551a94]" name="testHome" duration-ms="25534" started-at="2017-09-27T16:14:50Z" finished-at="2017-09-27T16:15:16Z">
          <reporter-output>
          </reporter-output>
        </test-method> <!-- testHome -->
      </class> <!-- TestTwitter.TestTwittHome -->
      <class name="TestTwitter.TestTwittLogin">
        <test-method status="PASS" signature="testLogin()[pri:0, instance:TestTwitter.TestTwittLogin@52af6cff]" name="testLogin" duration-ms="10846" started-at="2017-09-27T16:15:23Z" finished-at="2017-09-27T16:15:34Z">
          <reporter-output>
          </reporter-output>
        </test-method> <!-- testLogin -->
      </class> <!-- TestTwitter.TestTwittLogin -->
    </test> <!-- Twitter Features -->
  </suite> <!-- Twitter -->
</testng-results>
