<?xml version="1.0" encoding="UTF-8"?>
<testng-results skipped="0" failed="0" ignored="4" total="7" passed="3">
  <reporter-output>
  </reporter-output>
  <suite name="Twitter" duration-ms="55291" started-at="2017-09-29T01:11:52Z" finished-at="2017-09-29T01:12:47Z">
    <groups>
    </groups>
    <test name="Twitter Features" duration-ms="55291" started-at="2017-09-29T01:11:52Z" finished-at="2017-09-29T01:12:47Z">
      <class name="TestTwitter.TestTwittReg">
        <test-method status="PASS" signature="testSignup()[pri:0, instance:TestTwitter.TestTwittReg@52af6cff]" name="testSignup" duration-ms="6935" started-at="2017-09-28T21:12:23Z" finished-at="2017-09-28T21:12:30Z">
          <reporter-output>
          </reporter-output>
        </test-method> <!-- testSignup -->
      </class> <!-- TestTwitter.TestTwittReg -->
      <class name="TestTwitter.TestTwittHome">
        <test-method status="PASS" signature="setUp(boolean, java.lang.String, java.lang.String, java.lang.String, java.lang.String, java.lang.String, java.lang.String)[pri:0, instance:TestTwitter.TestTwittHome@531be3c5]" name="setUp" is-config="true" duration-ms="6568" started-at="2017-09-28T21:11:52Z" finished-at="2017-09-28T21:11:58Z">
          <params>
            <param index="0">
              <value>
                <![CDATA[false]]>
              </value>
            </param>
            <param index="1">
              <value>
                <![CDATA[false]]>
              </value>
            </param>
            <param index="2">
              <value>
                <![CDATA[Windows]]>
              </value>
            </param>
            <param index="3">
              <value>
                <![CDATA[10]]>
              </value>
            </param>
            <param index="4">
              <value>
                <![CDATA[firefox]]>
              </value>
            </param>
            <param index="5">
              <value>
                <![CDATA[34]]>
              </value>
            </param>
            <param index="6">
              <value>
                <![CDATA[https://twitter.com/]]>
              </value>
            </param>
          </params>
          <reporter-output>
          </reporter-output>
        </test-method> <!-- setUp -->
        <test-method status="PASS" signature="testHome()[pri:0, instance:TestTwitter.TestTwittHome@531be3c5]" name="testHome" duration-ms="24638" started-at="2017-09-28T21:11:58Z" finished-at="2017-09-28T21:12:23Z">
          <reporter-output>
          </reporter-output>
        </test-method> <!-- testHome -->
        <test-method status="PASS" signature="cleanUp()[pri:0, instance:TestTwitter.TestTwittHome@531be3c5]" name="cleanUp" is-config="true" duration-ms="6754" started-at="2017-09-28T21:12:40Z" finished-at="2017-09-28T21:12:47Z">
          <reporter-output>
          </reporter-output>
        </test-method> <!-- cleanUp -->
      </class> <!-- TestTwitter.TestTwittHome -->
      <class name="TestTwitter.TestTwittLogin">
        <test-method status="PASS" signature="testLogin()[pri:0, instance:TestTwitter.TestTwittLogin@735b478]" name="testLogin" duration-ms="10358" started-at="2017-09-28T21:12:30Z" finished-at="2017-09-28T21:12:40Z">
          <reporter-output>
          </reporter-output>
        </test-method> <!-- testLogin -->
      </class> <!-- TestTwitter.TestTwittLogin -->
    </test> <!-- Twitter Features -->
  </suite> <!-- Twitter -->
</testng-results>
