<?xml version="1.0" encoding="UTF-8"?>
<testng-results skipped="0" failed="0" ignored="0" total="3" passed="3">
  <reporter-output>
  </reporter-output>
  <suite name="Amazon" duration-ms="50410" started-at="2017-09-29T01:09:35Z" finished-at="2017-09-29T01:10:25Z">
    <groups>
    </groups>
    <test name="Amazon features" duration-ms="50410" started-at="2017-09-29T01:09:35Z" finished-at="2017-09-29T01:10:25Z">
      <class name="Test.TestAmazonSignup">
        <test-method status="PASS" signature="testSignup()[pri:0, instance:Test.TestAmazonSignup@5a61f5df]" name="testSignup" duration-ms="11171" started-at="2017-09-28T21:10:12Z" finished-at="2017-09-28T21:10:23Z">
          <reporter-output>
          </reporter-output>
        </test-method> <!-- testSignup -->
      </class> <!-- Test.TestAmazonSignup -->
      <class name="Test.TestAmazonLogin">
        <test-method status="PASS" signature="testLogin()[pri:0, instance:Test.TestAmazonLogin@36f6e879]" name="testLogin" duration-ms="4945" started-at="2017-09-28T21:10:07Z" finished-at="2017-09-28T21:10:12Z">
          <reporter-output>
          </reporter-output>
        </test-method> <!-- testLogin -->
      </class> <!-- Test.TestAmazonLogin -->
      <class name="Test.TestAmazonHomepage">
        <test-method status="PASS" signature="setUp(boolean, java.lang.String, java.lang.String, java.lang.String, java.lang.String, java.lang.String, java.lang.String)[pri:0, instance:Test.TestAmazonHomepage@54a097cc]" name="setUp" is-config="true" duration-ms="9307" started-at="2017-09-28T21:09:35Z" finished-at="2017-09-28T21:09:44Z">
          <params>
            <param index="0">
              <value>
                <![CDATA[false]]>
              </value>
            </param>
            <param index="1">
              <value>
                <![CDATA[false]]>
              </value>
            </param>
            <param index="2">
              <value>
                <![CDATA[Windows]]>
              </value>
            </param>
            <param index="3">
              <value>
                <![CDATA[10]]>
              </value>
            </param>
            <param index="4">
              <value>
                <![CDATA[firefox]]>
              </value>
            </param>
            <param index="5">
              <value>
                <![CDATA[34]]>
              </value>
            </param>
            <param index="6">
              <value>
                <![CDATA[https://www.amazon.com/]]>
              </value>
            </param>
          </params>
          <reporter-output>
          </reporter-output>
        </test-method> <!-- setUp -->
        <test-method status="PASS" signature="testHome()[pri:0, instance:Test.TestAmazonHomepage@54a097cc]" name="testHome" duration-ms="23216" started-at="2017-09-28T21:09:44Z" finished-at="2017-09-28T21:10:07Z">
          <reporter-output>
          </reporter-output>
        </test-method> <!-- testHome -->
        <test-method status="PASS" signature="cleanUp()[pri:0, instance:Test.TestAmazonHomepage@54a097cc]" name="cleanUp" is-config="true" duration-ms="1750" started-at="2017-09-28T21:10:23Z" finished-at="2017-09-28T21:10:25Z">
          <reporter-output>
          </reporter-output>
        </test-method> <!-- cleanUp -->
      </class> <!-- Test.TestAmazonHomepage -->
    </test> <!-- Amazon features -->
  </suite> <!-- Amazon -->
</testng-results>
