<?xml version="1.0" encoding="UTF-8"?>
<testng-results skipped="0" failed="0" ignored="0" total="3" passed="3">
  <reporter-output>
  </reporter-output>
  <suite name="Amazon" duration-ms="46600" started-at="2017-09-27T20:12:31Z" finished-at="2017-09-27T20:13:18Z">
    <groups>
    </groups>
    <test name="Amazon features" duration-ms="46600" started-at="2017-09-27T20:12:31Z" finished-at="2017-09-27T20:13:18Z">
      <class name="Test.TestAmazonSignup">
        <test-method status="PASS" signature="testSignup()[pri:0, instance:Test.TestAmazonSignup@36f6e879]" name="testSignup" duration-ms="10966" started-at="2017-09-27T16:13:07Z" finished-at="2017-09-27T16:13:18Z">
          <reporter-output>
          </reporter-output>
        </test-method> <!-- testSignup -->
      </class> <!-- Test.TestAmazonSignup -->
      <class name="Test.TestAmazonLogin">
        <test-method status="PASS" signature="testLogin()[pri:0, instance:Test.TestAmazonLogin@54a097cc]" name="testLogin" duration-ms="5062" started-at="2017-09-27T16:13:02Z" finished-at="2017-09-27T16:13:07Z">
          <reporter-output>
          </reporter-output>
        </test-method> <!-- testLogin -->
      </class> <!-- Test.TestAmazonLogin -->
      <class name="Test.TestAmazonHomepage">
        <test-method status="PASS" signature="setUp(boolean, java.lang.String, java.lang.String, java.lang.String, java.lang.String, java.lang.String, java.lang.String)[pri:0, instance:Test.TestAmazonHomepage@7225790e]" name="setUp" is-config="true" duration-ms="7818" started-at="2017-09-27T16:12:31Z" finished-at="2017-09-27T16:12:39Z">
          <params>
            <param index="0">
              <value>
                <![CDATA[false]]>
              </value>
            </param>
            <param index="1">
              <value>
                <![CDATA[false]]>
              </value>
            </param>
            <param index="2">
              <value>
                <![CDATA[Windows]]>
              </value>
            </param>
            <param index="3">
              <value>
                <![CDATA[10]]>
              </value>
            </param>
            <param index="4">
              <value>
                <![CDATA[firefox]]>
              </value>
            </param>
            <param index="5">
              <value>
                <![CDATA[34]]>
              </value>
            </param>
            <param index="6">
              <value>
                <![CDATA[https://www.amazon.com/]]>
              </value>
            </param>
          </params>
          <reporter-output>
          </reporter-output>
        </test-method> <!-- setUp -->
        <test-method status="PASS" signature="testHome()[pri:0, instance:Test.TestAmazonHomepage@7225790e]" name="testHome" duration-ms="22723" started-at="2017-09-27T16:12:39Z" finished-at="2017-09-27T16:13:02Z">
          <reporter-output>
          </reporter-output>
        </test-method> <!-- testHome -->
      </class> <!-- Test.TestAmazonHomepage -->
    </test> <!-- Amazon features -->
  </suite> <!-- Amazon -->
</testng-results>
