<?xml version="1.0" encoding="UTF-8"?>
<testng-results skipped="0" failed="0" ignored="6" total="10" passed="4">
  <reporter-output>
  </reporter-output>
  <suite name="Facebook" duration-ms="108584" started-at="2017-09-27T20:55:49Z" finished-at="2017-09-27T20:57:38Z">
    <groups>
    </groups>
    <test name="Facebook Features" duration-ms="108584" started-at="2017-09-27T20:55:49Z" finished-at="2017-09-27T20:57:38Z">
      <class name="TestFB.TestFBLogin">
        <test-method status="PASS" signature="testLogin()[pri:0, instance:TestFB.TestFBLogin@2c9f9fb0]" name="testLogin" duration-ms="6980" started-at="2017-09-27T16:56:13Z" finished-at="2017-09-27T16:56:20Z">
          <reporter-output>
          </reporter-output>
        </test-method> <!-- testLogin -->
      </class> <!-- TestFB.TestFBLogin -->
      <class name="TestFB.TestFBSignup">
        <test-method status="PASS" signature="testSignup()[pri:0, instance:TestFB.TestFBSignup@735b478]" name="testSignup" duration-ms="9196" started-at="2017-09-27T16:56:04Z" finished-at="2017-09-27T16:56:13Z">
          <reporter-output>
          </reporter-output>
        </test-method> <!-- testSignup -->
      </class> <!-- TestFB.TestFBSignup -->
      <class name="TestFB.TestFBBrowseCelebs">
        <test-method status="PASS" signature="setUp(boolean, java.lang.String, java.lang.String, java.lang.String, java.lang.String, java.lang.String, java.lang.String)[pri:0, instance:TestFB.TestFBBrowseCelebs@52af6cff]" name="setUp" is-config="true" duration-ms="6360" started-at="2017-09-27T16:55:49Z" finished-at="2017-09-27T16:55:55Z">
          <params>
            <param index="0">
              <value>
                <![CDATA[false]]>
              </value>
            </param>
            <param index="1">
              <value>
                <![CDATA[false]]>
              </value>
            </param>
            <param index="2">
              <value>
                <![CDATA[Windows]]>
              </value>
            </param>
            <param index="3">
              <value>
                <![CDATA[10]]>
              </value>
            </param>
            <param index="4">
              <value>
                <![CDATA[firefox]]>
              </value>
            </param>
            <param index="5">
              <value>
                <![CDATA[34]]>
              </value>
            </param>
            <param index="6">
              <value>
                <![CDATA[https://www.facebook.com]]>
              </value>
            </param>
          </params>
          <reporter-output>
          </reporter-output>
        </test-method> <!-- setUp -->
        <test-method status="PASS" signature="testBrowseCelebs()[pri:0, instance:TestFB.TestFBBrowseCelebs@52af6cff]" name="testBrowseCelebs" duration-ms="8795" started-at="2017-09-27T16:55:55Z" finished-at="2017-09-27T16:56:04Z">
          <reporter-output>
          </reporter-output>
        </test-method> <!-- testBrowseCelebs -->
        <test-method status="PASS" signature="cleanUp()[pri:0, instance:TestFB.TestFBBrowseCelebs@52af6cff]" name="cleanUp" is-config="true" duration-ms="1752" started-at="2017-09-27T16:57:36Z" finished-at="2017-09-27T16:57:38Z">
          <reporter-output>
          </reporter-output>
        </test-method> <!-- cleanUp -->
      </class> <!-- TestFB.TestFBBrowseCelebs -->
      <class name="TestFB.TestFBHomepage">
        <test-method status="PASS" signature="testHome()[pri:0, instance:TestFB.TestFBHomepage@2096442d]" name="testHome" duration-ms="75446" started-at="2017-09-27T16:56:20Z" finished-at="2017-09-27T16:57:36Z">
          <reporter-output>
          </reporter-output>
        </test-method> <!-- testHome -->
      </class> <!-- TestFB.TestFBHomepage -->
    </test> <!-- Facebook Features -->
  </suite> <!-- Facebook -->
</testng-results>
