<?xml version="1.0" encoding="UTF-8"?>
<testng-results skipped="0" failed="0" ignored="6" total="10" passed="4">
  <reporter-output>
  </reporter-output>
  <suite name="Facebook" duration-ms="120643" started-at="2017-09-26T06:06:29Z" finished-at="2017-09-26T06:08:29Z">
    <groups>
    </groups>
    <test name="Facebook Features" duration-ms="120643" started-at="2017-09-26T06:06:29Z" finished-at="2017-09-26T06:08:29Z">
      <class name="TestFB.TestBrowseCelebs">
        <test-method status="PASS" signature="testBrowseCelebs()[pri:0, instance:TestFB.TestBrowseCelebs@1e67b872]" name="testBrowseCelebs" duration-ms="9214" started-at="2017-09-26T02:06:51Z" finished-at="2017-09-26T02:07:01Z">
          <reporter-output>
          </reporter-output>
        </test-method> <!-- testBrowseCelebs -->
      </class> <!-- TestFB.TestBrowseCelebs -->
      <class name="TestFB.TestFBSignup">
        <test-method status="PASS" signature="setUp(java.lang.String, java.lang.String, java.lang.String)[pri:0, instance:TestFB.TestFBSignup@2ef9b8bc]" name="setUp" is-config="true" duration-ms="4985" started-at="2017-09-26T02:06:29Z" finished-at="2017-09-26T02:06:34Z">
          <params>
            <param index="0">
              <value>
                <![CDATA[firefox]]>
              </value>
            </param>
            <param index="1">
              <value>
                <![CDATA[https://www.facebook.com]]>
              </value>
            </param>
            <param index="2">
              <value>
                <![CDATA[win]]>
              </value>
            </param>
          </params>
          <reporter-output>
          </reporter-output>
        </test-method> <!-- setUp -->
        <test-method status="PASS" signature="testSignup()[pri:0, instance:TestFB.TestFBSignup@2ef9b8bc]" name="testSignup" duration-ms="9920" started-at="2017-09-26T02:06:34Z" finished-at="2017-09-26T02:06:44Z">
          <reporter-output>
          </reporter-output>
        </test-method> <!-- testSignup -->
        <test-method status="PASS" signature="cleanUp()[pri:0, instance:TestFB.TestFBSignup@2ef9b8bc]" name="cleanUp" is-config="true" duration-ms="10038" started-at="2017-09-26T02:08:19Z" finished-at="2017-09-26T02:08:29Z">
          <reporter-output>
          </reporter-output>
        </test-method> <!-- cleanUp -->
      </class> <!-- TestFB.TestFBSignup -->
      <class name="TestFB.TestFBLogin">
        <test-method status="PASS" signature="testLogin()[pri:0, instance:TestFB.TestFBLogin@5d624da6]" name="testLogin" duration-ms="7775" started-at="2017-09-26T02:06:44Z" finished-at="2017-09-26T02:06:51Z">
          <reporter-output>
          </reporter-output>
        </test-method> <!-- testLogin -->
      </class> <!-- TestFB.TestFBLogin -->
      <class name="TestFB.TestFBHomepage">
        <test-method status="PASS" signature="testHome()[pri:0, instance:TestFB.TestFBHomepage@60addb54]" name="testHome" duration-ms="78652" started-at="2017-09-26T02:07:01Z" finished-at="2017-09-26T02:08:19Z">
          <reporter-output>
          </reporter-output>
        </test-method> <!-- testHome -->
      </class> <!-- TestFB.TestFBHomepage -->
    </test> <!-- Facebook Features -->
  </suite> <!-- Facebook -->
</testng-results>
