<?xml version="1.0" encoding="UTF-8"?>
<testng-results skipped="0" failed="0" ignored="2" total="5" passed="3">
  <reporter-output>
  </reporter-output>
  <suite name="Ebay" duration-ms="42718" started-at="2017-09-27T20:59:10Z" finished-at="2017-09-27T20:59:53Z">
    <groups>
    </groups>
    <test name="Ebay features" duration-ms="42718" started-at="2017-09-27T20:59:10Z" finished-at="2017-09-27T20:59:53Z">
      <class name="Test.TestEbayLogin">
        <test-method status="PASS" signature="testLogin()[pri:0, instance:Test.TestEbayLogin@52af6cff]" name="testLogin" duration-ms="7776" started-at="2017-09-27T16:59:32Z" finished-at="2017-09-27T16:59:40Z">
          <reporter-output>
          </reporter-output>
        </test-method> <!-- testLogin -->
      </class> <!-- Test.TestEbayLogin -->
      <class name="Test.TestEbaySignup">
        <test-method status="PASS" signature="testSignup()[pri:0, instance:Test.TestEbaySignup@735b478]" name="testSignup" duration-ms="11784" started-at="2017-09-27T16:59:40Z" finished-at="2017-09-27T16:59:51Z">
          <reporter-output>
          </reporter-output>
        </test-method> <!-- testSignup -->
      </class> <!-- Test.TestEbaySignup -->
      <class name="Test.TestEbayHome">
        <test-method status="PASS" signature="setUp(boolean, java.lang.String, java.lang.String, java.lang.String, java.lang.String, java.lang.String, java.lang.String)[pri:0, instance:Test.TestEbayHome@531be3c5]" name="setUp" is-config="true" duration-ms="5756" started-at="2017-09-27T16:59:10Z" finished-at="2017-09-27T16:59:16Z">
          <params>
            <param index="0">
              <value>
                <![CDATA[false]]>
              </value>
            </param>
            <param index="1">
              <value>
                <![CDATA[false]]>
              </value>
            </param>
            <param index="2">
              <value>
                <![CDATA[Windows]]>
              </value>
            </param>
            <param index="3">
              <value>
                <![CDATA[10]]>
              </value>
            </param>
            <param index="4">
              <value>
                <![CDATA[firefox]]>
              </value>
            </param>
            <param index="5">
              <value>
                <![CDATA[34]]>
              </value>
            </param>
            <param index="6">
              <value>
                <![CDATA[https://www.ebay.com/]]>
              </value>
            </param>
          </params>
          <reporter-output>
          </reporter-output>
        </test-method> <!-- setUp -->
        <test-method status="PASS" signature="testHome()[pri:0, instance:Test.TestEbayHome@531be3c5]" name="testHome" duration-ms="15703" started-at="2017-09-27T16:59:16Z" finished-at="2017-09-27T16:59:32Z">
          <reporter-output>
          </reporter-output>
        </test-method> <!-- testHome -->
        <test-method status="PASS" signature="cleanUp()[pri:0, instance:Test.TestEbayHome@531be3c5]" name="cleanUp" is-config="true" duration-ms="1641" started-at="2017-09-27T16:59:51Z" finished-at="2017-09-27T16:59:53Z">
          <reporter-output>
          </reporter-output>
        </test-method> <!-- cleanUp -->
      </class> <!-- Test.TestEbayHome -->
    </test> <!-- Ebay features -->
  </suite> <!-- Ebay -->
</testng-results>
