<?xml version="1.0" encoding="UTF-8"?>
<testng-results skipped="0" failed="0" ignored="2" total="5" passed="3">
  <reporter-output>
  </reporter-output>
  <suite name="Ebay" duration-ms="41773" started-at="2017-09-29T01:11:09Z" finished-at="2017-09-29T01:11:50Z">
    <groups>
    </groups>
    <test name="Ebay features" duration-ms="41773" started-at="2017-09-29T01:11:09Z" finished-at="2017-09-29T01:11:50Z">
      <class name="Test.TestEbayLogin">
        <test-method status="PASS" signature="testLogin()[pri:0, instance:Test.TestEbayLogin@36f6e879]" name="testLogin" duration-ms="7939" started-at="2017-09-28T21:11:29Z" finished-at="2017-09-28T21:11:37Z">
          <reporter-output>
          </reporter-output>
        </test-method> <!-- testLogin -->
      </class> <!-- Test.TestEbayLogin -->
      <class name="Test.TestEbaySignup">
        <test-method status="PASS" signature="testSignup()[pri:0, instance:Test.TestEbaySignup@5a61f5df]" name="testSignup" duration-ms="11797" started-at="2017-09-28T21:11:37Z" finished-at="2017-09-28T21:11:49Z">
          <reporter-output>
          </reporter-output>
        </test-method> <!-- testSignup -->
      </class> <!-- Test.TestEbaySignup -->
      <class name="Test.TestEbayHome">
        <test-method status="PASS" signature="setUp(boolean, java.lang.String, java.lang.String, java.lang.String, java.lang.String, java.lang.String, java.lang.String)[pri:0, instance:Test.TestEbayHome@54a097cc]" name="setUp" is-config="true" duration-ms="5173" started-at="2017-09-28T21:11:09Z" finished-at="2017-09-28T21:11:14Z">
          <params>
            <param index="0">
              <value>
                <![CDATA[false]]>
              </value>
            </param>
            <param index="1">
              <value>
                <![CDATA[false]]>
              </value>
            </param>
            <param index="2">
              <value>
                <![CDATA[Windows]]>
              </value>
            </param>
            <param index="3">
              <value>
                <![CDATA[10]]>
              </value>
            </param>
            <param index="4">
              <value>
                <![CDATA[firefox]]>
              </value>
            </param>
            <param index="5">
              <value>
                <![CDATA[34]]>
              </value>
            </param>
            <param index="6">
              <value>
                <![CDATA[https://www.ebay.com/]]>
              </value>
            </param>
          </params>
          <reporter-output>
          </reporter-output>
        </test-method> <!-- setUp -->
        <test-method status="PASS" signature="testHome()[pri:0, instance:Test.TestEbayHome@54a097cc]" name="testHome" duration-ms="15258" started-at="2017-09-28T21:11:14Z" finished-at="2017-09-28T21:11:29Z">
          <reporter-output>
          </reporter-output>
        </test-method> <!-- testHome -->
        <test-method status="PASS" signature="cleanUp()[pri:0, instance:Test.TestEbayHome@54a097cc]" name="cleanUp" is-config="true" duration-ms="1562" started-at="2017-09-28T21:11:49Z" finished-at="2017-09-28T21:11:50Z">
          <reporter-output>
          </reporter-output>
        </test-method> <!-- cleanUp -->
      </class> <!-- Test.TestEbayHome -->
    </test> <!-- Ebay features -->
  </suite> <!-- Ebay -->
</testng-results>
