<?xml version="1.0" encoding="UTF-8"?>
<!-- Generated by org.testng.reporters.JUnitXMLReporter -->
<testsuite hostname="DESKTOP-08EKDQE" ignored="2" name="Bank Of America features" tests="3" failures="0" timestamp="26 Sep 2017 10:16:28 GMT" time="48.787" errors="0">
  <testcase name="testBankHome" time="14.255" classname="BOATesting.TestBOAHome"/>
  <testcase name="testBankHome" time="6.083" classname="BOATesting.TestBOAHomeSearch"/>
  <testcase name="testBankHome" time="12.657" classname="BOATesting.TestBOALocator"/>
  <testcase name="@BeforeTest setUp" time="0.0" classname="common.CommonAPI">
    <ignored/>
  </testcase> <!-- @BeforeTest setUp -->
  <testcase name="@AfterTest cleanUp" time="0.0" classname="common.CommonAPI">
    <ignored/>
  </testcase> <!-- @AfterTest cleanUp -->
</testsuite> <!-- Bank Of America features -->
