<?xml version="1.0" encoding="UTF-8"?>
<!-- Generated by org.testng.reporters.JUnitXMLReporter -->
<testsuite hostname="DESKTOP-08EKDQE" ignored="2" name="Bank Of America features" tests="3" failures="0" timestamp="27 Sep 2017 21:01:31 GMT" time="44.045" errors="0">
  <testcase name="testBankHome" time="14.216" classname="BOATesting.TestBOAHome"/>
  <testcase name="testBankHome" time="5.244" classname="BOATesting.TestBOAHomeSearch"/>
  <testcase name="testBankHome" time="15.893" classname="BOATesting.TestBOALocator"/>
  <testcase name="@BeforeTest setUp" time="0.0" classname="common.CommonAPI">
    <ignored/>
  </testcase> <!-- @BeforeTest setUp -->
  <testcase name="@AfterTest cleanUp" time="0.0" classname="common.CommonAPI">
    <ignored/>
  </testcase> <!-- @AfterTest cleanUp -->
</testsuite> <!-- Bank Of America features -->
