<?xml version="1.0" encoding="UTF-8"?>
<!-- Generated by org.testng.reporters.JUnitXMLReporter -->
<testsuite hostname="DESKTOP-08EKDQE" ignored="6" name="Facebook Features" tests="4" failures="0" timestamp="27 Sep 2017 20:57:38 GMT" time="108.584" errors="0">
  <testcase name="testBrowseCelebs" time="8.795" classname="TestFB.TestFBBrowseCelebs"/>
  <testcase name="testSignup" time="9.196" classname="TestFB.TestFBSignup"/>
  <testcase name="testLogin" time="6.98" classname="TestFB.TestFBLogin"/>
  <testcase name="testHome" time="75.446" classname="TestFB.TestFBHomepage"/>
  <testcase name="@BeforeTest setUp" time="0.0" classname="common.CommonAPI">
    <ignored/>
  </testcase> <!-- @BeforeTest setUp -->
  <testcase name="@BeforeTest setUp" time="0.0" classname="common.CommonAPI">
    <ignored/>
  </testcase> <!-- @BeforeTest setUp -->
  <testcase name="@BeforeTest setUp" time="0.0" classname="common.CommonAPI">
    <ignored/>
  </testcase> <!-- @BeforeTest setUp -->
  <testcase name="@AfterTest cleanUp" time="0.0" classname="common.CommonAPI">
    <ignored/>
  </testcase> <!-- @AfterTest cleanUp -->
  <testcase name="@AfterTest cleanUp" time="0.0" classname="common.CommonAPI">
    <ignored/>
  </testcase> <!-- @AfterTest cleanUp -->
  <testcase name="@AfterTest cleanUp" time="0.0" classname="common.CommonAPI">
    <ignored/>
  </testcase> <!-- @AfterTest cleanUp -->
</testsuite> <!-- Facebook Features -->
