<?xml version="1.0" encoding="UTF-8"?>
<!-- Generated by org.testng.reporters.JUnitXMLReporter -->
<testsuite hostname="DESKTOP-08EKDQE" ignored="2" name="Ebay features" tests="3" failures="0" timestamp="26 Sep 2017 05:48:05 GMT" time="50.48" errors="0">
  <testcase name="testHome" time="14.927" classname="Test.TestEbayHome"/>
  <testcase name="testLogin" time="7.847" classname="Test.TestEbayLogin"/>
  <testcase name="testSignup" time="11.802" classname="Test.TestEbaySignup"/>
  <testcase name="@BeforeTest setUp" time="0.0" classname="common.CommonAPI">
    <ignored/>
  </testcase> <!-- @BeforeTest setUp -->
  <testcase name="@AfterTest cleanUp" time="0.0" classname="common.CommonAPI">
    <ignored/>
  </testcase> <!-- @AfterTest cleanUp -->
</testsuite> <!-- Ebay features -->
