<?xml version="1.0" encoding="UTF-8"?>
<!-- Generated by org.testng.reporters.JUnitXMLReporter -->
<testsuite hostname="DESKTOP-08EKDQE" ignored="1" name="Ebay features" tests="3" failures="0" timestamp="27 Sep 2017 20:14:41 GMT" time="42.642" errors="0">
  <testcase name="testHome" time="15.323" classname="Test.TestEbayHome"/>
  <testcase name="testLogin" time="8.375" classname="Test.TestEbayLogin"/>
  <testcase name="testSignup" time="11.831" classname="Test.TestEbaySignup"/>
  <testcase name="@BeforeTest setUp" time="0.0" classname="common.CommonAPI">
    <ignored/>
  </testcase> <!-- @BeforeTest setUp -->
</testsuite> <!-- Ebay features -->
