<?xml version="1.0" encoding="UTF-8"?>
<!-- Generated by org.testng.reporters.JUnitXMLReporter -->
<testsuite hostname="DESKTOP-08EKDQE" ignored="4" name="Instagram Features" tests="4" failures="0" timestamp="26 Sep 2017 05:50:02 GMT" time="47.745" errors="0">
  <testcase name="testSignup" time="10.807" classname="TestIG.TestIGSignup"/>
  <testcase name="testLogin" time="4.087" classname="TestIG.TestIGLogin"/>
  <testcase name="testHome" time="8.806" classname="TestIG.TestIGHomepage"/>
  <testcase name="testDataPolicy" time="8.892" classname="TestIG.TestIGAboutUs"/>
  <testcase name="@BeforeTest setUp" time="0.0" classname="common.CommonAPI">
    <ignored/>
  </testcase> <!-- @BeforeTest setUp -->
  <testcase name="@BeforeTest setUp" time="0.0" classname="common.CommonAPI">
    <ignored/>
  </testcase> <!-- @BeforeTest setUp -->
  <testcase name="@AfterTest cleanUp" time="0.0" classname="common.CommonAPI">
    <ignored/>
  </testcase> <!-- @AfterTest cleanUp -->
  <testcase name="@AfterTest cleanUp" time="0.0" classname="common.CommonAPI">
    <ignored/>
  </testcase> <!-- @AfterTest cleanUp -->
</testsuite> <!-- Instagram Features -->
