<?xml version="1.0" encoding="UTF-8"?>
<!-- Generated by org.testng.reporters.JUnitXMLReporter -->
<testsuite hostname="DESKTOP-08EKDQE" ignored="4" name="Instagram Features" tests="4" failures="0" timestamp="29 Sep 2017 01:11:07 GMT" time="40.954" errors="0">
  <testcase name="testSignup" time="10.925" classname="TestIG.TestIGSignup"/>
  <testcase name="testLogin" time="4.148" classname="TestIG.TestIGLogin"/>
  <testcase name="testHome" time="9.159" classname="TestIG.TestIGHomepage"/>
  <testcase name="testDataPolicy" time="9.392" classname="TestIG.TestIGAboutUs"/>
  <testcase name="@BeforeTest setUp" time="0.0" classname="common.CommonAPI">
    <ignored/>
  </testcase> <!-- @BeforeTest setUp -->
  <testcase name="@BeforeTest setUp" time="0.0" classname="common.CommonAPI">
    <ignored/>
  </testcase> <!-- @BeforeTest setUp -->
  <testcase name="@AfterTest cleanUp" time="0.0" classname="common.CommonAPI">
    <ignored/>
  </testcase> <!-- @AfterTest cleanUp -->
  <testcase name="@AfterTest cleanUp" time="0.0" classname="common.CommonAPI">
    <ignored/>
  </testcase> <!-- @AfterTest cleanUp -->
</testsuite> <!-- Instagram Features -->
