<?xml version="1.0" encoding="UTF-8"?>
<testng-results skipped="0" failed="0" ignored="0" total="1" passed="1">
  <reporter-output>
  </reporter-output>
  <suite name="AMNewYork" duration-ms="98607" started-at="2017-09-29T01:14:13Z" finished-at="2017-09-29T01:15:51Z">
    <groups>
    </groups>
    <test name="AM New York features" duration-ms="98607" started-at="2017-09-29T01:14:13Z" finished-at="2017-09-29T01:15:51Z">
      <class name="Test.TestAMHome">
        <test-method status="PASS" signature="setUp(boolean, java.lang.String, java.lang.String, java.lang.String, java.lang.String, java.lang.String, java.lang.String)[pri:0, instance:Test.TestAMHome@5a61f5df]" name="setUp" is-config="true" duration-ms="21584" started-at="2017-09-28T21:14:13Z" finished-at="2017-09-28T21:14:34Z">
          <params>
            <param index="0">
              <value>
                <![CDATA[true]]>
              </value>
            </param>
            <param index="1">
              <value>
                <![CDATA[browserstack]]>
              </value>
            </param>
            <param index="2">
              <value>
                <![CDATA[windows]]>
              </value>
            </param>
            <param index="3">
              <value>
                <![CDATA[10]]>
              </value>
            </param>
            <param index="4">
              <value>
                <![CDATA[firefox]]>
              </value>
            </param>
            <param index="5">
              <value>
                <![CDATA[54.0]]>
              </value>
            </param>
            <param index="6">
              <value>
                <![CDATA[https://www.amny.com/news]]>
              </value>
            </param>
          </params>
          <reporter-output>
          </reporter-output>
        </test-method> <!-- setUp -->
        <test-method status="PASS" signature="testAMHome()[pri:0, instance:Test.TestAMHome@5a61f5df]" name="testAMHome" duration-ms="72953" started-at="2017-09-28T21:14:34Z" finished-at="2017-09-28T21:15:47Z">
          <reporter-output>
          </reporter-output>
        </test-method> <!-- testAMHome -->
        <test-method status="PASS" signature="cleanUp()[pri:0, instance:Test.TestAMHome@5a61f5df]" name="cleanUp" is-config="true" duration-ms="4055" started-at="2017-09-28T21:15:47Z" finished-at="2017-09-28T21:15:51Z">
          <reporter-output>
          </reporter-output>
        </test-method> <!-- cleanUp -->
      </class> <!-- Test.TestAMHome -->
    </test> <!-- AM New York features -->
  </suite> <!-- AMNewYork -->
</testng-results>
