<?xml version="1.0" encoding="UTF-8"?>
<testng-results skipped="0" failed="0" ignored="0" total="1" passed="1">
  <reporter-output>
  </reporter-output>
  <suite name="Espn" duration-ms="67831" started-at="2017-09-27T20:17:07Z" finished-at="2017-09-27T20:18:15Z">
    <groups>
    </groups>
    <test name="AM New York features" duration-ms="67831" started-at="2017-09-27T20:17:07Z" finished-at="2017-09-27T20:18:15Z">
      <class name="Test.TestAMHome">
        <test-method status="PASS" signature="setUp(boolean, java.lang.String, java.lang.String, java.lang.String, java.lang.String, java.lang.String, java.lang.String)[pri:0, instance:Test.TestAMHome@36f6e879]" name="setUp" is-config="true" duration-ms="8507" started-at="2017-09-27T16:17:07Z" finished-at="2017-09-27T16:17:16Z">
          <params>
            <param index="0">
              <value>
                <![CDATA[false]]>
              </value>
            </param>
            <param index="1">
              <value>
                <![CDATA[false]]>
              </value>
            </param>
            <param index="2">
              <value>
                <![CDATA[Windows]]>
              </value>
            </param>
            <param index="3">
              <value>
                <![CDATA[10]]>
              </value>
            </param>
            <param index="4">
              <value>
                <![CDATA[firefox]]>
              </value>
            </param>
            <param index="5">
              <value>
                <![CDATA[34]]>
              </value>
            </param>
            <param index="6">
              <value>
                <![CDATA[http://www.amny.com/news]]>
              </value>
            </param>
          </params>
          <reporter-output>
          </reporter-output>
        </test-method> <!-- setUp -->
        <test-method status="PASS" signature="testAMHome()[pri:0, instance:Test.TestAMHome@36f6e879]" name="testAMHome" duration-ms="59260" started-at="2017-09-27T16:17:16Z" finished-at="2017-09-27T16:18:15Z">
          <reporter-output>
          </reporter-output>
        </test-method> <!-- testAMHome -->
      </class> <!-- Test.TestAMHome -->
    </test> <!-- AM New York features -->
  </suite> <!-- Espn -->
</testng-results>
