<?xml version="1.0" encoding="UTF-8"?>
<testng-results skipped="0" failed="0" ignored="4" total="8" passed="4">
  <reporter-output>
  </reporter-output>
  <suite name="Facebook" duration-ms="47745" started-at="2017-09-26T05:49:14Z" finished-at="2017-09-26T05:50:02Z">
    <groups>
    </groups>
    <test name="Instagram Features" duration-ms="47745" started-at="2017-09-26T05:49:14Z" finished-at="2017-09-26T05:50:02Z">
      <class name="TestIG.TestIGHomepage">
        <test-method status="PASS" signature="testHome()[pri:0, instance:TestIG.TestIGHomepage@62043840]" name="testHome" duration-ms="8806" started-at="2017-09-26T01:49:35Z" finished-at="2017-09-26T01:49:43Z">
          <reporter-output>
          </reporter-output>
        </test-method> <!-- testHome -->
      </class> <!-- TestIG.TestIGHomepage -->
      <class name="TestIG.TestIGLogin">
        <test-method status="PASS" signature="setUp(java.lang.String, java.lang.String, java.lang.String)[pri:0, instance:TestIG.TestIGLogin@2c6a3f77]" name="setUp" is-config="true" duration-ms="5209" started-at="2017-09-26T01:49:14Z" finished-at="2017-09-26T01:49:20Z">
          <params>
            <param index="0">
              <value>
                <![CDATA[firefox]]>
              </value>
            </param>
            <param index="1">
              <value>
                <![CDATA[https://www.instagram.com]]>
              </value>
            </param>
            <param index="2">
              <value>
                <![CDATA[win]]>
              </value>
            </param>
          </params>
          <reporter-output>
          </reporter-output>
        </test-method> <!-- setUp -->
        <test-method status="PASS" signature="testLogin()[pri:0, instance:TestIG.TestIGLogin@2c6a3f77]" name="testLogin" duration-ms="4087" started-at="2017-09-26T01:49:31Z" finished-at="2017-09-26T01:49:35Z">
          <reporter-output>
          </reporter-output>
        </test-method> <!-- testLogin -->
        <test-method status="PASS" signature="cleanUp()[pri:0, instance:TestIG.TestIGLogin@2c6a3f77]" name="cleanUp" is-config="true" duration-ms="9870" started-at="2017-09-26T01:49:52Z" finished-at="2017-09-26T01:50:02Z">
          <reporter-output>
          </reporter-output>
        </test-method> <!-- cleanUp -->
      </class> <!-- TestIG.TestIGLogin -->
      <class name="TestIG.TestIGSignup">
        <test-method status="PASS" signature="testSignup()[pri:0, instance:TestIG.TestIGSignup@246ae04d]" name="testSignup" duration-ms="10807" started-at="2017-09-26T01:49:20Z" finished-at="2017-09-26T01:49:31Z">
          <reporter-output>
          </reporter-output>
        </test-method> <!-- testSignup -->
      </class> <!-- TestIG.TestIGSignup -->
      <class name="TestIG.TestIGAboutUs">
        <test-method status="PASS" signature="testDataPolicy()[pri:0, instance:TestIG.TestIGAboutUs@5315b42e]" name="testDataPolicy" duration-ms="8892" started-at="2017-09-26T01:49:43Z" finished-at="2017-09-26T01:49:52Z">
          <reporter-output>
          </reporter-output>
        </test-method> <!-- testDataPolicy -->
      </class> <!-- TestIG.TestIGAboutUs -->
    </test> <!-- Instagram Features -->
  </suite> <!-- Facebook -->
</testng-results>
