<?xml version="1.0" encoding="UTF-8"?>
<!-- Generated by org.testng.reporters.JUnitXMLReporter -->
<testsuite hostname="DESKTOP-08EKDQE" ignored="4" name="Twitter Features" tests="3" failures="0" timestamp="26 Sep 2017 07:40:04 GMT" time="58.036" errors="0">
  <testcase name="testHome" time="24.361" classname="TestTwitter.TestTwittHome"/>
  <testcase name="testSignup" time="6.894" classname="TestTwitter.TestTwittReg"/>
  <testcase name="testLogin" time="10.043" classname="TestTwitter.TestTwittLogin"/>
  <testcase name="@BeforeTest setUp" time="0.0" classname="common.CommonAPI">
    <ignored/>
  </testcase> <!-- @BeforeTest setUp -->
  <testcase name="@BeforeTest setUp" time="0.0" classname="common.CommonAPI">
    <ignored/>
  </testcase> <!-- @BeforeTest setUp -->
  <testcase name="@AfterTest cleanUp" time="0.0" classname="common.CommonAPI">
    <ignored/>
  </testcase> <!-- @AfterTest cleanUp -->
  <testcase name="@AfterTest cleanUp" time="0.0" classname="common.CommonAPI">
    <ignored/>
  </testcase> <!-- @AfterTest cleanUp -->
</testsuite> <!-- Twitter Features -->
