<?xml version="1.0" encoding="UTF-8"?>
<!-- Generated by org.testng.reporters.JUnitXMLReporter -->
<testsuite hostname="DESKTOP-08EKDQE" ignored="2" name="Twitter Features" tests="3" failures="0" timestamp="27 Sep 2017 20:15:34 GMT" time="51.349" errors="0">
  <testcase name="testHome" time="25.534" classname="TestTwitter.TestTwittHome"/>
  <testcase name="testSignup" time="7.18" classname="TestTwitter.TestTwittReg"/>
  <testcase name="testLogin" time="10.846" classname="TestTwitter.TestTwittLogin"/>
  <testcase name="@BeforeTest setUp" time="0.0" classname="common.CommonAPI">
    <ignored/>
  </testcase> <!-- @BeforeTest setUp -->
  <testcase name="@BeforeTest setUp" time="0.0" classname="common.CommonAPI">
    <ignored/>
  </testcase> <!-- @BeforeTest setUp -->
</testsuite> <!-- Twitter Features -->
