<?xml version="1.0" encoding="UTF-8"?>
<!-- Generated by org.testng.reporters.JUnitXMLReporter -->
<testsuite hostname="DESKTOP-08EKDQE" ignored="0" name="Amazon features" tests="3" failures="0" timestamp="29 Sep 2017 01:10:25 GMT" time="50.41" errors="0">
  <testcase name="testHome" time="23.216" classname="Test.TestAmazonHomepage"/>
  <testcase name="testLogin" time="4.945" classname="Test.TestAmazonLogin"/>
  <testcase name="testSignup" time="11.171" classname="Test.TestAmazonSignup"/>
</testsuite> <!-- Amazon features -->
