<?xml version="1.0" encoding="UTF-8"?>
<testng-results skipped="0" failed="0" ignored="1" total="4" passed="3">
  <reporter-output>
  </reporter-output>
  <suite name="BankOfAmerica" duration-ms="38413" started-at="2017-09-27T20:15:36Z" finished-at="2017-09-27T20:16:14Z">
    <groups>
    </groups>
    <test name="Bank Of America features" duration-ms="38413" started-at="2017-09-27T20:15:36Z" finished-at="2017-09-27T20:16:14Z">
      <class name="BOATesting.TestBOAHomeSearch">
        <test-method status="PASS" signature="testBankHome()[pri:0, instance:BOATesting.TestBOAHomeSearch@531be3c5]" name="testBankHome" duration-ms="5647" started-at="2017-09-27T16:15:58Z" finished-at="2017-09-27T16:16:04Z">
          <reporter-output>
          </reporter-output>
        </test-method> <!-- testBankHome -->
      </class> <!-- BOATesting.TestBOAHomeSearch -->
      <class name="BOATesting.TestBOAHome">
        <test-method status="PASS" signature="setUp(boolean, java.lang.String, java.lang.String, java.lang.String, java.lang.String, java.lang.String, java.lang.String)[pri:0, instance:BOATesting.TestBOAHome@3551a94]" name="setUp" is-config="true" duration-ms="8088" started-at="2017-09-27T16:15:36Z" finished-at="2017-09-27T16:15:44Z">
          <params>
            <param index="0">
              <value>
                <![CDATA[false]]>
              </value>
            </param>
            <param index="1">
              <value>
                <![CDATA[false]]>
              </value>
            </param>
            <param index="2">
              <value>
                <![CDATA[Windows]]>
              </value>
            </param>
            <param index="3">
              <value>
                <![CDATA[10]]>
              </value>
            </param>
            <param index="4">
              <value>
                <![CDATA[firefox]]>
              </value>
            </param>
            <param index="5">
              <value>
                <![CDATA[34]]>
              </value>
            </param>
            <param index="6">
              <value>
                <![CDATA[https://www.bankofamerica.com/]]>
              </value>
            </param>
          </params>
          <reporter-output>
          </reporter-output>
        </test-method> <!-- setUp -->
        <test-method status="PASS" signature="testBankHome()[pri:0, instance:BOATesting.TestBOAHome@3551a94]" name="testBankHome" duration-ms="14141" started-at="2017-09-27T16:15:44Z" finished-at="2017-09-27T16:15:58Z">
          <reporter-output>
          </reporter-output>
        </test-method> <!-- testBankHome -->
      </class> <!-- BOATesting.TestBOAHome -->
      <class name="BOATesting.TestBOALocator">
        <test-method status="PASS" signature="testBankHome()[pri:0, instance:BOATesting.TestBOALocator@52af6cff]" name="testBankHome" duration-ms="10487" started-at="2017-09-27T16:16:04Z" finished-at="2017-09-27T16:16:14Z">
          <reporter-output>
          </reporter-output>
        </test-method> <!-- testBankHome -->
      </class> <!-- BOATesting.TestBOALocator -->
    </test> <!-- Bank Of America features -->
  </suite> <!-- BankOfAmerica -->
</testng-results>
