<?xml version="1.0" encoding="UTF-8"?>
<!-- Generated by org.testng.reporters.JUnitXMLReporter -->
<testsuite hostname="DESKTOP-08EKDQE" ignored="2" name="Espn features" tests="2" failures="0" timestamp="27 Sep 2017 21:02:19 GMT" time="45.899" errors="0">
  <testcase name="testBankHome" time="29.456" classname="Test.TestEspnHome"/>
  <testcase name="testBankHome" time="4.687" classname="Test.TestEspnReportABug"/>
  <testcase name="@BeforeTest setUp" time="0.0" classname="common.CommonAPI">
    <ignored/>
  </testcase> <!-- @BeforeTest setUp -->
  <testcase name="@AfterTest cleanUp" time="0.0" classname="common.CommonAPI">
    <ignored/>
  </testcase> <!-- @AfterTest cleanUp -->
</testsuite> <!-- Espn features -->
